[2019-09-08 12:07:14] local.ERROR: Command "cache:cler" is not defined.

Did you mean one of these?
    cache:clear
    cache:forget
    cache:table
    config:clear
    event:clear
    optimize:clear
    route:clear
    view:clear {"exception":"[object] (Symfony\\Component\\Console\\Exception\\CommandNotFoundException(code: 0): Command \"cache:cler\" is not defined.

Did you mean one of these?
    cache:clear
    cache:forget
    cache:table
    config:clear
    event:clear
    optimize:clear
    route:clear
    view:clear at C:\\xampp\\htdocs\\Completed\\multiauth\\vendor\\symfony\\console\\Application.php:646)
[stacktrace]
#0 C:\\xampp\\htdocs\\Completed\\multiauth\\vendor\\symfony\\console\\Application.php(236): Symfony\\Component\\Console\\Application->find('cache:cler')
#1 C:\\xampp\\htdocs\\Completed\\multiauth\\vendor\\symfony\\console\\Application.php(148): Symfony\\Component\\Console\\Application->doRun(Object(Symfony\\Component\\Console\\Input\\ArgvInput), Object(Symfony\\Component\\Console\\Output\\ConsoleOutput))
#2 C:\\xampp\\htdocs\\Completed\\multiauth\\vendor\\laravel\\framework\\src\\Illuminate\\Console\\Application.php(90): Symfony\\Component\\Console\\Application->run(Object(Symfony\\Component\\Console\\Input\\ArgvInput), Object(Symfony\\Component\\Console\\Output\\ConsoleOutput))
#3 C:\\xampp\\htdocs\\Completed\\multiauth\\vendor\\laravel\\framework\\src\\Illuminate\\Foundation\\Console\\Kernel.php(133): Illuminate\\Console\\Application->run(Object(Symfony\\Component\\Console\\Input\\ArgvInput), Object(Symfony\\Component\\Console\\Output\\ConsoleOutput))
#4 C:\\xampp\\htdocs\\Completed\\multiauth\\artisan(37): Illuminate\\Foundation\\Console\\Kernel->handle(Object(Symfony\\Component\\Console\\Input\\ArgvInput), Object(Symfony\\Component\\Console\\Output\\ConsoleOutput))
#5 {main}
"} 
